# JRE version: OpenJDK Runtime Environment (8.0_152-b01) (build 1.8.0_152-release-1024-b01)
# Java VM: OpenJDK 64-Bit Server VM (25.152-b01 mixed mode linux-amd64 compressed oops)
Heap:
 PSYoungGen      total 238592K, used 13788K [0x00000000e0000000, 0x00000000efd80000, 0x0000000100000000)
  eden space 218112K, 0% used [0x00000000e0000000,0x00000000e0000000,0x00000000ed500000)
  from space 20480K, 67% used [0x00000000ed500000,0x00000000ee2770c0,0x00000000ee900000)
  to   space 18944K, 0% used [0x00000000ee900000,0x00000000ee900000,0x00000000efb80000)
 ParOldGen       total 150528K, used 30274K [0x00000000a0000000, 0x00000000a9300000, 0x00000000e0000000)
  object space 150528K, 20% used [0x00000000a0000000,0x00000000a1d90820,0x00000000a9300000)
 Metaspace       used 62229K, capacity 64240K, committed 64344K, reserved 1105920K
  class space    used 8363K, capacity 8809K, committed 8832K, reserved 1048576K
GC Heap History (10 events):
Event: 5.019 GC heap after
Heap after GC invocations=11 (full 2):
 PSYoungGen      total 171008K, used 14821K [0x00000000e0000000, 0x00000000edd00000, 0x0000000100000000)
  eden space 156160K, 0% used [0x00000000e0000000,0x00000000e0000000,0x00000000e9880000)
  from space 14848K, 99% used [0x00000000e9880000,0x00000000ea6f9530,0x00000000ea700000)
  to   space 20480K, 0% used [0x00000000ec900000,0x00000000ec900000,0x00000000edd00000)
 ParOldGen       total 103424K, used 29344K [0x00000000a0000000, 0x00000000a6500000, 0x00000000e0000000)
  object space 103424K, 28% used [0x00000000a0000000,0x00000000a1ca8380,0x00000000a6500000)
 Metaspace       used 54850K, capacity 56598K, committed 56792K, reserved 1097728K
  class space    used 7507K, capacity 7902K, committed 7936K, reserved 1048576K
}
Event: 6.387 GC heap before
{Heap before GC invocations=12 (full 2):
 PSYoungGen      total 171008K, used 170981K [0x00000000e0000000, 0x00000000edd00000, 0x0000000100000000)
  eden space 156160K, 100% used [0x00000000e0000000,0x00000000e9880000,0x00000000e9880000)
  from space 14848K, 99% used [0x00000000e9880000,0x00000000ea6f9530,0x00000000ea700000)
  to   space 20480K, 0% used [0x00000000ec900000,0x00000000ec900000,0x00000000edd00000)
 ParOldGen       total 103424K, used 29344K [0x00000000a0000000, 0x00000000a6500000, 0x00000000e0000000)
  object space 103424K, 28% used [0x00000000a0000000,0x00000000a1ca8380,0x00000000a6500000)
 Metaspace       used 55678K, capacity 57454K, committed 57688K, reserved 1099776K
  class space    used 7594K, capacity 8024K, committed 8064K, reserved 1048576K
Event: 6.401 GC heap after
Heap after GC invocations=12 (full 2):
 PSYoungGen      total 200704K, used 9120K [0x00000000e0000000, 0x00000000ed980000, 0x0000000100000000)
  eden space 183808K, 0% used [0x00000000e0000000,0x00000000e0000000,0x00000000eb380000)
  from space 16896K, 53% used [0x00000000ec900000,0x00000000ed1e8260,0x00000000ed980000)
  to   space 19456K, 0% used [0x00000000eb380000,0x00000000eb380000,0x00000000ec680000)
 ParOldGen       total 103424K, used 35863K [0x00000000a0000000, 0x00000000a6500000, 0x00000000e0000000)
  object space 103424K, 34% used [0x00000000a0000000,0x00000000a2305ce8,0x00000000a6500000)
 Metaspace       used 55678K, capacity 57454K, committed 57688K, reserved 1099776K
  class space    used 7594K, capacity 8024K, committed 8064K, reserved 1048576K
}
Event: 6.654 GC heap before
{Heap before GC invocations=13 (full 2):
 PSYoungGen      total 200704K, used 129172K [0x00000000e0000000, 0x00000000ed980000, 0x0000000100000000)
  eden space 183808K, 65% used [0x00000000e0000000,0x00000000e753cf80,0x00000000eb380000)
  from space 16896K, 53% used [0x00000000ec900000,0x00000000ed1e8260,0x00000000ed980000)
  to   space 19456K, 0% used [0x00000000eb380000,0x00000000eb380000,0x00000000ec680000)
 ParOldGen       total 103424K, used 35863K [0x00000000a0000000, 0x00000000a6500000, 0x00000000e0000000)
  object space 103424K, 34% used [0x00000000a0000000,0x00000000a2305ce8,0x00000000a6500000)
 Metaspace       used 57004K, capacity 58822K, committed 58968K, reserved 1099776K
  class space    used 7786K, capacity 8224K, committed 8320K, reserved 1048576K
Event: 6.660 GC heap after
Heap after GC invocations=13 (full 2):
 PSYoungGen      total 203264K, used 8848K [0x00000000e0000000, 0x00000000efb80000, 0x0000000100000000)
  eden space 183808K, 0% used [0x00000000e0000000,0x00000000e0000000,0x00000000eb380000)
  from space 19456K, 45% used [0x00000000eb380000,0x00000000ebc24240,0x00000000ec680000)
  to   space 18944K, 0% used [0x00000000ee900000,0x00000000ee900000,0x00000000efb80000)
 ParOldGen       total 103424K, used 35871K [0x00000000a0000000, 0x00000000a6500000, 0x00000000e0000000)
  object space 103424K, 34% used [0x00000000a0000000,0x00000000a2307ce8,0x00000000a6500000)
 Metaspace       used 57004K, capacity 58822K, committed 58968K, reserved 1099776K
  class space    used 7786K, capacity 8224K, committed 8320K, reserved 1048576K
}
Event: 6.660 GC heap before
{Heap before GC invocations=14 (full 3):
 PSYoungGen      total 203264K, used 8848K [0x00000000e0000000, 0x00000000efb80000, 0x0000000100000000)
  eden space 183808K, 0% used [0x00000000e0000000,0x00000000e0000000,0x00000000eb380000)
  from space 19456K, 45% used [0x00000000eb380000,0x00000000ebc24240,0x00000000ec680000)
  to   space 18944K, 0% used [0x00000000ee900000,0x00000000ee900000,0x00000000efb80000)
 ParOldGen       total 103424K, used 35871K [0x00000000a0000000, 0x00000000a6500000, 0x00000000e0000000)
  object space 103424K, 34% used [0x00000000a0000000,0x00000000a2307ce8,0x00000000a6500000)
 Metaspace       used 57004K, capacity 58822K, committed 58968K, reserved 1099776K
  class space    used 7786K, capacity 8224K, committed 8320K, reserved 1048576K
Event: 6.792 GC heap after
Heap after GC invocations=14 (full 3):
 PSYoungGen      total 203264K, used 0K [0x00000000e0000000, 0x00000000efb80000, 0x0000000100000000)
  eden space 183808K, 0% used [0x00000000e0000000,0x00000000e0000000,0x00000000eb380000)
  from space 19456K, 0% used [0x00000000eb380000,0x00000000eb380000,0x00000000ec680000)
  to   space 18944K, 0% used [0x00000000ee900000,0x00000000ee900000,0x00000000efb80000)
 ParOldGen       total 150528K, used 30250K [0x00000000a0000000, 0x00000000a9300000, 0x00000000e0000000)
  object space 150528K, 20% used [0x00000000a0000000,0x00000000a1d8a820,0x00000000a9300000)
 Metaspace       used 56997K, capacity 58798K, committed 58968K, reserved 1099776K
  class space    used 7783K, capacity 8220K, committed 8320K, reserved 1048576K
}
Event: 8.702 GC heap before
{Heap before GC invocations=15 (full 3):
 PSYoungGen      total 203264K, used 183165K [0x00000000e0000000, 0x00000000efb80000, 0x0000000100000000)
  eden space 183808K, 99% used [0x00000000e0000000,0x00000000eb2df568,0x00000000eb380000)
  from space 19456K, 0% used [0x00000000eb380000,0x00000000eb380000,0x00000000ec680000)
  to   space 18944K, 0% used [0x00000000ee900000,0x00000000ee900000,0x00000000efb80000)
 ParOldGen       total 150528K, used 30250K [0x00000000a0000000, 0x00000000a9300000, 0x00000000e0000000)
  object space 150528K, 20% used [0x00000000a0000000,0x00000000a1d8a820,0x00000000a9300000)
 Metaspace       used 62218K, capacity 64240K, committed 64344K, reserved 1105920K
  class space    used 8363K, capacity 8809K, committed 8832K, reserved 1048576K
Event: 8.730 GC heap after
Heap after GC invocations=15 (full 3):
 PSYoungGen      total 237056K, used 16999K [0x00000000e0000000, 0x00000000efd80000, 0x0000000100000000)
  eden space 218112K, 0% used [0x00000000e0000000,0x00000000e0000000,0x00000000ed500000)
  from space 18944K, 89% used [0x00000000ee900000,0x00000000ef999f88,0x00000000efb80000)
  to   space 20480K, 0% used [0x00000000ed500000,0x00000000ed500000,0x00000000ee900000)
 ParOldGen       total 150528K, used 30266K [0x00000000a0000000, 0x00000000a9300000, 0x00000000e0000000)
  object space 150528K, 20% used [0x00000000a0000000,0x00000000a1d8e820,0x00000000a9300000)
 Metaspace       used 62218K, capacity 64240K, committed 64344K, reserved 1105920K
  class space    used 8363K, capacity 8809K, committed 8832K, reserved 1048576K
}
Event: 8.765 GC heap before
{Heap before GC invocations=16 (full 3):
 PSYoungGen      total 237056K, used 234179K [0x00000000e0000000, 0x00000000efd80000, 0x0000000100000000)
  eden space 218112K, 99% used [0x00000000e0000000,0x00000000ed416ca8,0x00000000ed500000)
  from space 18944K, 89% used [0x00000000ee900000,0x00000000ef999f88,0x00000000efb80000)
  to   space 20480K, 0% used [0x00000000ed500000,0x00000000ed500000,0x00000000ee900000)
 ParOldGen       total 150528K, used 30266K [0x00000000a0000000, 0x00000000a9300000, 0x00000000e0000000)
  object space 150528K, 20% used [0x00000000a0000000,0x00000000a1d8e820,0x00000000a9300000)
 Metaspace       used 62229K, capacity 64240K, committed 64344K, reserved 1105920K
  class space    used 8363K, capacity 8809K, committed 8832K, reserved 1048576K

