# JRE version: OpenJDK Runtime Environment (8.0_152-b01) (build 1.8.0_152-release-1024-b01)
# Java VM: OpenJDK 64-Bit Server VM (25.152-b01 mixed mode linux-amd64 compressed oops)
Heap:
 PSYoungGen      total 179712K, used 17796K [0x00000000e0000000, 0x00000000ec400000, 0x0000000100000000)
  eden space 159744K, 0% used [0x00000000e0000000,0x00000000e0000000,0x00000000e9c00000)
  from space 19968K, 89% used [0x00000000e9c00000,0x00000000ead610a8,0x00000000eaf80000)
  to   space 15872K, 0% used [0x00000000eaf80000,0x00000000eaf80000,0x00000000ebf00000)
 ParOldGen       total 157184K, used 35960K [0x00000000a0000000, 0x00000000a9980000, 0x00000000e0000000)
  object space 157184K, 22% used [0x00000000a0000000,0x00000000a231e0d8,0x00000000a9980000)
 Metaspace       used 60774K, capacity 62658K, committed 62848K, reserved 1103872K
  class space    used 8265K, capacity 8716K, committed 8832K, reserved 1048576K
GC Heap History (10 events):
Event: 6.072 GC heap after
Heap after GC invocations=9 (full 2):
 PSYoungGen      total 138752K, used 0K [0x00000000e0000000, 0x00000000ea580000, 0x0000000100000000)
  eden space 129024K, 0% used [0x00000000e0000000,0x00000000e0000000,0x00000000e7e00000)
  from space 9728K, 0% used [0x00000000e7e00000,0x00000000e7e00000,0x00000000e8780000)
  to   space 13824K, 0% used [0x00000000e9800000,0x00000000e9800000,0x00000000ea580000)
 ParOldGen       total 107520K, used 21391K [0x00000000a0000000, 0x00000000a6900000, 0x00000000e0000000)
  object space 107520K, 19% used [0x00000000a0000000,0x00000000a14e3e78,0x00000000a6900000)
 Metaspace       used 34482K, capacity 35254K, committed 35416K, reserved 1079296K
  class space    used 4765K, capacity 5044K, committed 5120K, reserved 1048576K
}
Event: 35.155 GC heap before
{Heap before GC invocations=10 (full 2):
 PSYoungGen      total 138752K, used 129024K [0x00000000e0000000, 0x00000000ea580000, 0x0000000100000000)
  eden space 129024K, 100% used [0x00000000e0000000,0x00000000e7e00000,0x00000000e7e00000)
  from space 9728K, 0% used [0x00000000e7e00000,0x00000000e7e00000,0x00000000e8780000)
  to   space 13824K, 0% used [0x00000000e9800000,0x00000000e9800000,0x00000000ea580000)
 ParOldGen       total 107520K, used 21391K [0x00000000a0000000, 0x00000000a6900000, 0x00000000e0000000)
  object space 107520K, 19% used [0x00000000a0000000,0x00000000a14e3e78,0x00000000a6900000)
 Metaspace       used 38705K, capacity 39620K, committed 39808K, reserved 1083392K
  class space    used 5204K, capacity 5457K, committed 5504K, reserved 1048576K
Event: 35.159 GC heap after
Heap after GC invocations=10 (full 2):
 PSYoungGen      total 155648K, used 3697K [0x00000000e0000000, 0x00000000ebd80000, 0x0000000100000000)
  eden space 141824K, 0% used [0x00000000e0000000,0x00000000e0000000,0x00000000e8a80000)
  from space 13824K, 26% used [0x00000000e9800000,0x00000000e9b9c518,0x00000000ea580000)
  to   space 13824K, 0% used [0x00000000e8a80000,0x00000000e8a80000,0x00000000e9800000)
 ParOldGen       total 107520K, used 21471K [0x00000000a0000000, 0x00000000a6900000, 0x00000000e0000000)
  object space 107520K, 19% used [0x00000000a0000000,0x00000000a14f7e88,0x00000000a6900000)
 Metaspace       used 38705K, capacity 39620K, committed 39808K, reserved 1083392K
  class space    used 5204K, capacity 5457K, committed 5504K, reserved 1048576K
}
Event: 45.618 GC heap before
{Heap before GC invocations=11 (full 2):
 PSYoungGen      total 155648K, used 145521K [0x00000000e0000000, 0x00000000ebd80000, 0x0000000100000000)
  eden space 141824K, 100% used [0x00000000e0000000,0x00000000e8a80000,0x00000000e8a80000)
  from space 13824K, 26% used [0x00000000e9800000,0x00000000e9b9c518,0x00000000ea580000)
  to   space 13824K, 0% used [0x00000000e8a80000,0x00000000e8a80000,0x00000000e9800000)
 ParOldGen       total 107520K, used 21471K [0x00000000a0000000, 0x00000000a6900000, 0x00000000e0000000)
  object space 107520K, 19% used [0x00000000a0000000,0x00000000a14f7e88,0x00000000a6900000)
 Metaspace       used 47027K, capacity 48060K, committed 48384K, reserved 1091584K
  class space    used 6256K, capacity 6586K, committed 6656K, reserved 1048576K
Event: 45.655 GC heap after
Heap after GC invocations=11 (full 2):
 PSYoungGen      total 155648K, used 13805K [0x00000000e0000000, 0x00000000ebf00000, 0x0000000100000000)
  eden space 141824K, 0% used [0x00000000e0000000,0x00000000e0000000,0x00000000e8a80000)
  from space 13824K, 99% used [0x00000000e8a80000,0x00000000e97fb658,0x00000000e9800000)
  to   space 15872K, 0% used [0x00000000eaf80000,0x00000000eaf80000,0x00000000ebf00000)
 ParOldGen       total 107520K, used 22122K [0x00000000a0000000, 0x00000000a6900000, 0x00000000e0000000)
  object space 107520K, 20% used [0x00000000a0000000,0x00000000a159a8b8,0x00000000a6900000)
 Metaspace       used 47027K, capacity 48060K, committed 48384K, reserved 1091584K
  class space    used 6256K, capacity 6586K, committed 6656K, reserved 1048576K
}
Event: 53.230 GC heap before
{Heap before GC invocations=12 (full 2):
 PSYoungGen      total 155648K, used 130333K [0x00000000e0000000, 0x00000000ebf00000, 0x0000000100000000)
  eden space 141824K, 82% used [0x00000000e0000000,0x00000000e71cc038,0x00000000e8a80000)
  from space 13824K, 99% used [0x00000000e8a80000,0x00000000e97fb658,0x00000000e9800000)
  to   space 15872K, 0% used [0x00000000eaf80000,0x00000000eaf80000,0x00000000ebf00000)
 ParOldGen       total 107520K, used 22122K [0x00000000a0000000, 0x00000000a6900000, 0x00000000e0000000)
  object space 107520K, 20% used [0x00000000a0000000,0x00000000a159a8b8,0x00000000a6900000)
 Metaspace       used 57175K, capacity 58972K, committed 59028K, reserved 1099776K
  class space    used 7677K, capacity 8143K, committed 8192K, reserved 1048576K
Event: 53.251 GC heap after
Heap after GC invocations=12 (full 2):
 PSYoungGen      total 175616K, used 15840K [0x00000000e0000000, 0x00000000ec400000, 0x0000000100000000)
  eden space 159744K, 0% used [0x00000000e0000000,0x00000000e0000000,0x00000000e9c00000)
  from space 15872K, 99% used [0x00000000eaf80000,0x00000000ebef8138,0x00000000ebf00000)
  to   space 19968K, 0% used [0x00000000e9c00000,0x00000000e9c00000,0x00000000eaf80000)
 ParOldGen       total 107520K, used 27643K [0x00000000a0000000, 0x00000000a6900000, 0x00000000e0000000)
  object space 107520K, 25% used [0x00000000a0000000,0x00000000a1afef20,0x00000000a6900000)
 Metaspace       used 57175K, capacity 58972K, committed 59028K, reserved 1099776K
  class space    used 7677K, capacity 8143K, committed 8192K, reserved 1048576K
}
Event: 53.251 GC heap before
{Heap before GC invocations=13 (full 3):
 PSYoungGen      total 175616K, used 15840K [0x00000000e0000000, 0x00000000ec400000, 0x0000000100000000)
  eden space 159744K, 0% used [0x00000000e0000000,0x00000000e0000000,0x00000000e9c00000)
  from space 15872K, 99% used [0x00000000eaf80000,0x00000000ebef8138,0x00000000ebf00000)
  to   space 19968K, 0% used [0x00000000e9c00000,0x00000000e9c00000,0x00000000eaf80000)
 ParOldGen       total 107520K, used 27643K [0x00000000a0000000, 0x00000000a6900000, 0x00000000e0000000)
  object space 107520K, 25% used [0x00000000a0000000,0x00000000a1afef20,0x00000000a6900000)
 Metaspace       used 57175K, capacity 58972K, committed 59028K, reserved 1099776K
  class space    used 7677K, capacity 8143K, committed 8192K, reserved 1048576K
Event: 53.373 GC heap after
Heap after GC invocations=13 (full 3):
 PSYoungGen      total 175616K, used 0K [0x00000000e0000000, 0x00000000ec400000, 0x0000000100000000)
  eden space 159744K, 0% used [0x00000000e0000000,0x00000000e0000000,0x00000000e9c00000)
  from space 15872K, 0% used [0x00000000eaf80000,0x00000000eaf80000,0x00000000ebf00000)
  to   space 19968K, 0% used [0x00000000e9c00000,0x00000000e9c00000,0x00000000eaf80000)
 ParOldGen       total 157184K, used 35952K [0x00000000a0000000, 0x00000000a9980000, 0x00000000e0000000)
  object space 157184K, 22% used [0x00000000a0000000,0x00000000a231c0d8,0x00000000a9980000)
 Metaspace       used 57090K, capacity 58768K, committed 59028K, reserved 1099776K
  class space    used 7654K, capacity 8108K, committed 8192K, reserved 1048576K
}
Event: 287.903 GC heap before
{Heap before GC invocations=14 (full 3):
 PSYoungGen      total 175616K, used 159744K [0x00000000e0000000, 0x00000000ec400000, 0x0000000100000000)
  eden space 159744K, 100% used [0x00000000e0000000,0x00000000e9c00000,0x00000000e9c00000)
  from space 15872K, 0% used [0x00000000eaf80000,0x00000000eaf80000,0x00000000ebf00000)
  to   space 19968K, 0% used [0x00000000e9c00000,0x00000000e9c00000,0x00000000eaf80000)
 ParOldGen       total 157184K, used 35952K [0x00000000a0000000, 0x00000000a9980000, 0x00000000e0000000)
  object space 157184K, 22% used [0x00000000a0000000,0x00000000a231c0d8,0x00000000a9980000)
 Metaspace       used 60774K, capacity 62658K, committed 62848K, reserved 1103872K
  class space    used 8265K, capacity 8716K, committed 8832K, reserved 1048576K

